2014-04-23 17:31:17: ----- Auftrag 'Mittelstufenprojekt': ANALYSE gestartet durch Analyze And Sync All auf folgendem PC 'ZMTPC0150' (GoodSync v 9.8.2.5) -----
2014-04-23 17:31:17: ~rre\Documents\GitHub\project-management-system (C:/Users/rre/Documents/GitHub/project-management-system) [TmpDest] =PropDels=> Z:\GoodSync\Mittelstufenprojekt (Z:/GoodSync/Mittelstufenprojekt) [TmpDest], ReconnectSecs=120, CopyCreateTime
2014-04-23 17:31:17: links: State file does not exist: C:/Users/rre/Documents/GitHub/project-management-system/_gsdata_/_file_state_v4._gs
2014-04-23 17:31:17: Two items on Left side are named the same after normalization and lower-casing: '/Documents/Protokolle/Wöchentliche Protokolle' vs '/Documents/Protokolle/Wöchentliche Protokolle'
2014-04-23 17:31:17: two items with exactly the same name: KW6
2014-04-23 17:31:17: two items with exactly the same name: KW9
2014-04-23 17:31:17: two items with exactly the same name: Ergebnisprotokoll_6.kw.doc
2014-04-23 17:31:17: two items with exactly the same name: Protokoll 13.01.2014 - 17.01.2014.docx
2014-04-23 17:31:17: two items with exactly the same name: Aktivitaetsprotokoll_9.kw.doc
2014-04-23 17:31:17: two items with exactly the same name: Ergebnisprotokoll_9.kw.doc
2014-04-23 17:31:17: links: Dateien: 220 (ausgeschlossen 0). Ordner: 164 (ausgeschlossen 1). C: NTFS, Frei: 14,3 GB, Gesamt: 111 GB
2014-04-23 17:31:17: rechts: State file does not exist: Z:/GoodSync/Mittelstufenprojekt/_gsdata_/_file_state_v4._gs
2014-04-23 17:31:17: rechts: Dateien: 0 (ausgeschlossen 0). Ordner: 0 (ausgeschlossen 1). Z: //fileserver02/rre NTFS, Frei: 368 GB, Gesamt: 885 GB
2014-04-23 17:31:17: Analyse mit Fehlermeldungen abgeschlossen. Klicke den Error Button um die Fehler anzuzeigen
2014-04-23 17:31:17: Änderungen: 377, Konflikte: 0, Kopierdauer: 0, Kopierstatus: 0/0, Fehler: 7
2014-04-23 17:31:17: Left to Right: Copy File: 370 
2014-04-23 17:31:17: ----- Analyse abgeschlossen. Dauer 00:00:00, Geschwindigkeit: Many Datei/en -----
2014-04-23 17:31:18: ===== Auftrag 'Mittelstufenprojekt': SYNC gestartet durch Analyze And Sync All durch folgenden PC 'ZMTPC0150' =====
2014-04-23 17:31:18: ~rre\Documents\GitHub\project-management-system (C:/Users/rre/Documents/GitHub/project-management-system) [TmpDest] =PropDels=> Z:\GoodSync\Mittelstufenprojekt (Z:/GoodSync/Mittelstufenprojekt) [TmpDest], ReconnectSecs=120, CopyCreateTime
2014-04-23 17:31:18: Erstelle Ordner 'Z:/GoodSync/Mittelstufenprojekt/.git'
2014-04-23 17:31:18: Erstelle Ordner 'Z:/GoodSync/Mittelstufenprojekt/.git/branches'
2014-04-23 17:31:18: Erstelle Ordner 'Z:/GoodSync/Mittelstufenprojekt/.git/hooks'
2014-04-23 17:31:18: Erstelle Ordner 'Z:/GoodSync/Mittelstufenprojekt/.git/info'
2014-04-23 17:31:18: Erstelle Ordner 'Z:/GoodSync/Mittelstufenprojekt/.git/logs'
2014-04-23 17:31:18: Erstelle Ordner 'Z:/GoodSync/Mittelstufenprojekt/.git/logs/refs'
2014-04-23 17:31:18: Erstelle Ordner 'Z:/GoodSync/Mittelstufenprojekt/.git/logs/refs/heads'
2014-04-23 17:31:18: Erstelle Ordner 'Z:/GoodSync/Mittelstufenprojekt/.git/logs/refs/remotes'
2014-04-23 17:31:18: Erstelle Ordner 'Z:/GoodSync/Mittelstufenprojekt/.git/logs/refs/remotes/origin'
2014-04-23 17:31:18: Erstelle Ordner 'Z:/GoodSync/Mittelstufenprojekt/.git/objects'
2014-04-23 17:31:18: Erstelle Ordner 'Z:/GoodSync/Mittelstufenprojekt/.git/objects/00'
2014-04-23 17:31:18: Erstelle Ordner 'Z:/GoodSync/Mittelstufenprojekt/.git/objects/02'
2014-04-23 17:31:18: Erstelle Ordner 'Z:/GoodSync/Mittelstufenprojekt/.git/objects/04'
2014-04-23 17:31:18: Erstelle Ordner 'Z:/GoodSync/Mittelstufenprojekt/.git/objects/05'
2014-04-23 17:31:18: Erstelle Ordner 'Z:/GoodSync/Mittelstufenprojekt/.git/objects/06'
2014-04-23 17:31:18: Erstelle Ordner 'Z:/GoodSync/Mittelstufenprojekt/.git/objects/07'
2014-04-23 17:31:18: Erstelle Ordner 'Z:/GoodSync/Mittelstufenprojekt/.git/objects/09'
2014-04-23 17:31:18: Erstelle Ordner 'Z:/GoodSync/Mittelstufenprojekt/.git/objects/0b'
2014-04-23 17:31:18: Erstelle Ordner 'Z:/GoodSync/Mittelstufenprojekt/.git/objects/0d'
2014-04-23 17:31:18: Erstelle Ordner 'Z:/GoodSync/Mittelstufenprojekt/.git/objects/0e'
2014-04-23 17:31:18: Erstelle Ordner 'Z:/GoodSync/Mittelstufenprojekt/.git/objects/0f'
2014-04-23 17:31:18: Erstelle Ordner 'Z:/GoodSync/Mittelstufenprojekt/.git/objects/11'
2014-04-23 17:31:18: Erstelle Ordner 'Z:/GoodSync/Mittelstufenprojekt/.git/objects/12'
2014-04-23 17:31:18: Erstelle Ordner 'Z:/GoodSync/Mittelstufenprojekt/.git/objects/14'
2014-04-23 17:31:18: Erstelle Ordner 'Z:/GoodSync/Mittelstufenprojekt/.git/objects/15'
2014-04-23 17:31:18: Erstelle Ordner 'Z:/GoodSync/Mittelstufenprojekt/.git/objects/16'
2014-04-23 17:31:18: Erstelle Ordner 'Z:/GoodSync/Mittelstufenprojekt/.git/objects/1c'
2014-04-23 17:31:18: Erstelle Ordner 'Z:/GoodSync/Mittelstufenprojekt/.git/objects/1e'
2014-04-23 17:31:18: Erstelle Ordner 'Z:/GoodSync/Mittelstufenprojekt/.git/objects/1f'
2014-04-23 17:31:18: Erstelle Ordner 'Z:/GoodSync/Mittelstufenprojekt/.git/objects/20'
2014-04-23 17:31:18: Erstelle Ordner 'Z:/GoodSync/Mittelstufenprojekt/.git/objects/22'
2014-04-23 17:31:18: Erstelle Ordner 'Z:/GoodSync/Mittelstufenprojekt/.git/objects/28'
2014-04-23 17:31:18: Erstelle Ordner 'Z:/GoodSync/Mittelstufenprojekt/.git/objects/29'
2014-04-23 17:31:18: Erstelle Ordner 'Z:/GoodSync/Mittelstufenprojekt/.git/objects/2c'
2014-04-23 17:31:18: Erstelle Ordner 'Z:/GoodSync/Mittelstufenprojekt/.git/objects/2d'
2014-04-23 17:31:18: Erstelle Ordner 'Z:/GoodSync/Mittelstufenprojekt/.git/objects/2e'
2014-04-23 17:31:18: Erstelle Ordner 'Z:/GoodSync/Mittelstufenprojekt/.git/objects/30'
2014-04-23 17:31:18: Erstelle Ordner 'Z:/GoodSync/Mittelstufenprojekt/.git/objects/32'
2014-04-23 17:31:18: Erstelle Ordner 'Z:/GoodSync/Mittelstufenprojekt/.git/objects/34'
2014-04-23 17:31:18: Erstelle Ordner 'Z:/GoodSync/Mittelstufenprojekt/.git/objects/37'
2014-04-23 17:31:18: Erstelle Ordner 'Z:/GoodSync/Mittelstufenprojekt/.git/objects/38'
2014-04-23 17:31:18: Erstelle Ordner 'Z:/GoodSync/Mittelstufenprojekt/.git/objects/39'
2014-04-23 17:31:18: Erstelle Ordner 'Z:/GoodSync/Mittelstufenprojekt/.git/objects/3a'
2014-04-23 17:31:18: Erstelle Ordner 'Z:/GoodSync/Mittelstufenprojekt/.git/objects/3d'
2014-04-23 17:31:18: Erstelle Ordner 'Z:/GoodSync/Mittelstufenprojekt/.git/objects/43'
2014-04-23 17:31:18: Erstelle Ordner 'Z:/GoodSync/Mittelstufenprojekt/.git/objects/44'
2014-04-23 17:31:18: Erstelle Ordner 'Z:/GoodSync/Mittelstufenprojekt/.git/objects/45'
2014-04-23 17:31:18: Erstelle Ordner 'Z:/GoodSync/Mittelstufenprojekt/.git/objects/47'
2014-04-23 17:31:18: Erstelle Ordner 'Z:/GoodSync/Mittelstufenprojekt/.git/objects/48'
2014-04-23 17:31:18: Erstelle Ordner 'Z:/GoodSync/Mittelstufenprojekt/.git/objects/49'
2014-04-23 17:31:18: Erstelle Ordner 'Z:/GoodSync/Mittelstufenprojekt/.git/objects/4d'
2014-04-23 17:31:18: Erstelle Ordner 'Z:/GoodSync/Mittelstufenprojekt/.git/objects/51'
2014-04-23 17:31:18: Erstelle Ordner 'Z:/GoodSync/Mittelstufenprojekt/.git/objects/53'
2014-04-23 17:31:18: Erstelle Ordner 'Z:/GoodSync/Mittelstufenprojekt/.git/objects/54'
2014-04-23 17:31:18: Erstelle Ordner 'Z:/GoodSync/Mittelstufenprojekt/.git/objects/55'
2014-04-23 17:31:18: Erstelle Ordner 'Z:/GoodSync/Mittelstufenprojekt/.git/objects/56'
2014-04-23 17:31:18: Erstelle Ordner 'Z:/GoodSync/Mittelstufenprojekt/.git/objects/58'
2014-04-23 17:31:18: Erstelle Ordner 'Z:/GoodSync/Mittelstufenprojekt/.git/objects/5b'
2014-04-23 17:31:18: Erstelle Ordner 'Z:/GoodSync/Mittelstufenprojekt/.git/objects/5c'
2014-04-23 17:31:18: Erstelle Ordner 'Z:/GoodSync/Mittelstufenprojekt/.git/objects/61'
2014-04-23 17:31:18: Erstelle Ordner 'Z:/GoodSync/Mittelstufenprojekt/.git/objects/65'
2014-04-23 17:31:18: Erstelle Ordner 'Z:/GoodSync/Mittelstufenprojekt/.git/objects/66'
2014-04-23 17:31:18: Erstelle Ordner 'Z:/GoodSync/Mittelstufenprojekt/.git/objects/68'
2014-04-23 17:31:18: Erstelle Ordner 'Z:/GoodSync/Mittelstufenprojekt/.git/objects/69'
2014-04-23 17:31:18: Erstelle Ordner 'Z:/GoodSync/Mittelstufenprojekt/.git/objects/6a'
2014-04-23 17:31:18: Erstelle Ordner 'Z:/GoodSync/Mittelstufenprojekt/.git/objects/6d'
2014-04-23 17:31:18: Erstelle Ordner 'Z:/GoodSync/Mittelstufenprojekt/.git/objects/6e'
2014-04-23 17:31:18: Erstelle Ordner 'Z:/GoodSync/Mittelstufenprojekt/.git/objects/6f'
2014-04-23 17:31:18: Erstelle Ordner 'Z:/GoodSync/Mittelstufenprojekt/.git/objects/72'
2014-04-23 17:31:18: Erstelle Ordner 'Z:/GoodSync/Mittelstufenprojekt/.git/objects/73'
2014-04-23 17:31:18: Erstelle Ordner 'Z:/GoodSync/Mittelstufenprojekt/.git/objects/75'
2014-04-23 17:31:18: Erstelle Ordner 'Z:/GoodSync/Mittelstufenprojekt/.git/objects/76'
2014-04-23 17:31:18: Erstelle Ordner 'Z:/GoodSync/Mittelstufenprojekt/.git/objects/78'
2014-04-23 17:31:18: Erstelle Ordner 'Z:/GoodSync/Mittelstufenprojekt/.git/objects/79'
2014-04-23 17:31:18: Erstelle Ordner 'Z:/GoodSync/Mittelstufenprojekt/.git/objects/7c'
2014-04-23 17:31:18: Erstelle Ordner 'Z:/GoodSync/Mittelstufenprojekt/.git/objects/7f'
2014-04-23 17:31:18: Erstelle Ordner 'Z:/GoodSync/Mittelstufenprojekt/.git/objects/85'
2014-04-23 17:31:18: Erstelle Ordner 'Z:/GoodSync/Mittelstufenprojekt/.git/objects/86'
2014-04-23 17:31:18: Erstelle Ordner 'Z:/GoodSync/Mittelstufenprojekt/.git/objects/87'
2014-04-23 17:31:18: Erstelle Ordner 'Z:/GoodSync/Mittelstufenprojekt/.git/objects/88'
2014-04-23 17:31:18: Erstelle Ordner 'Z:/GoodSync/Mittelstufenprojekt/.git/objects/8a'
2014-04-23 17:31:18: Erstelle Ordner 'Z:/GoodSync/Mittelstufenprojekt/.git/objects/8f'
2014-04-23 17:31:18: Erstelle Ordner 'Z:/GoodSync/Mittelstufenprojekt/.git/objects/95'
2014-04-23 17:31:18: Erstelle Ordner 'Z:/GoodSync/Mittelstufenprojekt/.git/objects/98'
2014-04-23 17:31:18: Erstelle Ordner 'Z:/GoodSync/Mittelstufenprojekt/.git/objects/9a'
2014-04-23 17:31:18: Erstelle Ordner 'Z:/GoodSync/Mittelstufenprojekt/.git/objects/9d'
2014-04-23 17:31:18: Erstelle Ordner 'Z:/GoodSync/Mittelstufenprojekt/.git/objects/a0'
2014-04-23 17:31:18: Erstelle Ordner 'Z:/GoodSync/Mittelstufenprojekt/.git/objects/a1'
2014-04-23 17:31:18: Erstelle Ordner 'Z:/GoodSync/Mittelstufenprojekt/.git/objects/a3'
2014-04-23 17:31:18: Erstelle Ordner 'Z:/GoodSync/Mittelstufenprojekt/.git/objects/a4'
2014-04-23 17:31:18: Erstelle Ordner 'Z:/GoodSync/Mittelstufenprojekt/.git/objects/a8'
2014-04-23 17:31:18: Erstelle Ordner 'Z:/GoodSync/Mittelstufenprojekt/.git/objects/a9'
2014-04-23 17:31:18: Erstelle Ordner 'Z:/GoodSync/Mittelstufenprojekt/.git/objects/aa'
2014-04-23 17:31:18: Erstelle Ordner 'Z:/GoodSync/Mittelstufenprojekt/.git/objects/ac'
2014-04-23 17:31:18: Erstelle Ordner 'Z:/GoodSync/Mittelstufenprojekt/.git/objects/af'
2014-04-23 17:31:18: Erstelle Ordner 'Z:/GoodSync/Mittelstufenprojekt/.git/objects/b1'
2014-04-23 17:31:18: Erstelle Ordner 'Z:/GoodSync/Mittelstufenprojekt/.git/objects/b2'
2014-04-23 17:31:18: Erstelle Ordner 'Z:/GoodSync/Mittelstufenprojekt/.git/objects/b4'
2014-04-23 17:31:18: Erstelle Ordner 'Z:/GoodSync/Mittelstufenprojekt/.git/objects/b5'
2014-04-23 17:31:18: Erstelle Ordner 'Z:/GoodSync/Mittelstufenprojekt/.git/objects/bc'
2014-04-23 17:31:18: Erstelle Ordner 'Z:/GoodSync/Mittelstufenprojekt/.git/objects/c6'
2014-04-23 17:31:18: Erstelle Ordner 'Z:/GoodSync/Mittelstufenprojekt/.git/objects/c7'
2014-04-23 17:31:18: Erstelle Ordner 'Z:/GoodSync/Mittelstufenprojekt/.git/objects/c9'
2014-04-23 17:31:18: Erstelle Ordner 'Z:/GoodSync/Mittelstufenprojekt/.git/objects/cc'
2014-04-23 17:31:18: Erstelle Ordner 'Z:/GoodSync/Mittelstufenprojekt/.git/objects/cd'
2014-04-23 17:31:18: Erstelle Ordner 'Z:/GoodSync/Mittelstufenprojekt/.git/objects/ce'
2014-04-23 17:31:18: Erstelle Ordner 'Z:/GoodSync/Mittelstufenprojekt/.git/objects/cf'
2014-04-23 17:31:18: Erstelle Ordner 'Z:/GoodSync/Mittelstufenprojekt/.git/objects/d0'
2014-04-23 17:31:18: Erstelle Ordner 'Z:/GoodSync/Mittelstufenprojekt/.git/objects/d7'
2014-04-23 17:31:18: Erstelle Ordner 'Z:/GoodSync/Mittelstufenprojekt/.git/objects/da'
2014-04-23 17:31:18: Erstelle Ordner 'Z:/GoodSync/Mittelstufenprojekt/.git/objects/df'
2014-04-23 17:31:18: Erstelle Ordner 'Z:/GoodSync/Mittelstufenprojekt/.git/objects/e2'
2014-04-23 17:31:18: Erstelle Ordner 'Z:/GoodSync/Mittelstufenprojekt/.git/objects/e3'
2014-04-23 17:31:18: Erstelle Ordner 'Z:/GoodSync/Mittelstufenprojekt/.git/objects/e6'
2014-04-23 17:31:18: Erstelle Ordner 'Z:/GoodSync/Mittelstufenprojekt/.git/objects/e7'
2014-04-23 17:31:18: Erstelle Ordner 'Z:/GoodSync/Mittelstufenprojekt/.git/objects/e9'
2014-04-23 17:31:18: Erstelle Ordner 'Z:/GoodSync/Mittelstufenprojekt/.git/objects/ea'
2014-04-23 17:31:18: Erstelle Ordner 'Z:/GoodSync/Mittelstufenprojekt/.git/objects/eb'
2014-04-23 17:31:18: Erstelle Ordner 'Z:/GoodSync/Mittelstufenprojekt/.git/objects/ed'
2014-04-23 17:31:18: Erstelle Ordner 'Z:/GoodSync/Mittelstufenprojekt/.git/objects/ee'
2014-04-23 17:31:18: Erstelle Ordner 'Z:/GoodSync/Mittelstufenprojekt/.git/objects/f0'
2014-04-23 17:31:18: Erstelle Ordner 'Z:/GoodSync/Mittelstufenprojekt/.git/objects/f1'
2014-04-23 17:31:18: Erstelle Ordner 'Z:/GoodSync/Mittelstufenprojekt/.git/objects/f2'
2014-04-23 17:31:18: Erstelle Ordner 'Z:/GoodSync/Mittelstufenprojekt/.git/objects/f3'
2014-04-23 17:31:18: Erstelle Ordner 'Z:/GoodSync/Mittelstufenprojekt/.git/objects/f7'
2014-04-23 17:31:18: Erstelle Ordner 'Z:/GoodSync/Mittelstufenprojekt/.git/objects/f8'
2014-04-23 17:31:18: Erstelle Ordner 'Z:/GoodSync/Mittelstufenprojekt/.git/objects/fb'
2014-04-23 17:31:18: Erstelle Ordner 'Z:/GoodSync/Mittelstufenprojekt/.git/objects/fc'
2014-04-23 17:31:18: Erstelle Ordner 'Z:/GoodSync/Mittelstufenprojekt/.git/objects/fe'
2014-04-23 17:31:18: Erstelle Ordner 'Z:/GoodSync/Mittelstufenprojekt/.git/objects/ff'
2014-04-23 17:31:18: Erstelle Ordner 'Z:/GoodSync/Mittelstufenprojekt/.git/objects/info'
2014-04-23 17:31:18: Erstelle Ordner 'Z:/GoodSync/Mittelstufenprojekt/.git/objects/pack'
2014-04-23 17:31:18: Erstelle Ordner 'Z:/GoodSync/Mittelstufenprojekt/.git/refs'
2014-04-23 17:31:18: Erstelle Ordner 'Z:/GoodSync/Mittelstufenprojekt/.git/refs/heads'
2014-04-23 17:31:18: Erstelle Ordner 'Z:/GoodSync/Mittelstufenprojekt/.git/refs/remotes'
2014-04-23 17:31:18: Erstelle Ordner 'Z:/GoodSync/Mittelstufenprojekt/.git/refs/remotes/origin'
2014-04-23 17:31:18: Erstelle Ordner 'Z:/GoodSync/Mittelstufenprojekt/.git/refs/tags'
2014-04-23 17:31:18: Erstelle Ordner 'Z:/GoodSync/Mittelstufenprojekt/Documents'
2014-04-23 17:31:18: Erstelle Ordner 'Z:/GoodSync/Mittelstufenprojekt/Documents/Database'
2014-04-23 17:31:18: Erstelle Ordner 'Z:/GoodSync/Mittelstufenprojekt/Documents/Formulare'
2014-04-23 17:31:18: Erstelle Ordner 'Z:/GoodSync/Mittelstufenprojekt/Documents/Konzeptplanung'
2014-04-23 17:31:18: Erstelle Ordner 'Z:/GoodSync/Mittelstufenprojekt/Documents/Protokolle'
2014-04-23 17:31:19: Erstelle Ordner 'Z:/GoodSync/Mittelstufenprojekt/Documents/Protokolle/Aktivitätsprotokolle'
2014-04-23 17:31:19: Erstelle Ordner 'Z:/GoodSync/Mittelstufenprojekt/Eclipse-Project'
2014-04-23 17:31:19: Erstelle Ordner 'Z:/GoodSync/Mittelstufenprojekt/Eclipse-Project/project-management-system'
2014-04-23 17:31:19: Erstelle Ordner 'Z:/GoodSync/Mittelstufenprojekt/Eclipse-Project/project-management-system/.settings'
2014-04-23 17:31:19: Erstelle Ordner 'Z:/GoodSync/Mittelstufenprojekt/Eclipse-Project/project-management-system/assets'
2014-04-23 17:31:19: Erstelle Ordner 'Z:/GoodSync/Mittelstufenprojekt/Eclipse-Project/project-management-system/lib'
2014-04-23 17:31:19: Erstelle Ordner 'Z:/GoodSync/Mittelstufenprojekt/Eclipse-Project/project-management-system/src'
2014-04-23 17:31:19: Erstelle Ordner 'Z:/GoodSync/Mittelstufenprojekt/Eclipse-Project/project-management-system/src/de'
2014-04-23 17:31:19: Erstelle Ordner 'Z:/GoodSync/Mittelstufenprojekt/Eclipse-Project/project-management-system/src/de/szut'
2014-04-23 17:31:19: Erstelle Ordner 'Z:/GoodSync/Mittelstufenprojekt/Eclipse-Project/project-management-system/src/de/szut/dataLayer'
2014-04-23 17:31:19: Erstelle Ordner 'Z:/GoodSync/Mittelstufenprojekt/Eclipse-Project/project-management-system/src/de/szut/dataLayer/sqlite'
2014-04-23 17:31:19: Erstelle Ordner 'Z:/GoodSync/Mittelstufenprojekt/Eclipse-Project/project-management-system/src/de/szut/ptms'
2014-04-23 17:31:19: Erstelle Ordner 'Z:/GoodSync/Mittelstufenprojekt/Eclipse-Project/project-management-system/src/de/szut/ptms/authentication'
2014-04-23 17:31:19: Erstelle Ordner 'Z:/GoodSync/Mittelstufenprojekt/Eclipse-Project/project-management-system/src/de/szut/ptms/gui'
2014-04-23 17:31:19: Erstelle Ordner 'Z:/GoodSync/Mittelstufenprojekt/Eclipse-Project/project-management-system/src/de/szut/ptms/main'
2014-04-23 17:31:19: Erstelle Ordner 'Z:/GoodSync/Mittelstufenprojekt/Eclipse-Project/project-management-system/src/de/szut/ptms/user'
2014-04-23 17:31:19: Kopiere erneut 'C:/Users/rre/Documents/GitHub/project-management-system/.git/COMMIT_EDITMSG' -> 'Z:/GoodSync/Mittelstufenprojekt/.git/COMMIT_EDITMSG'
2014-04-23 17:31:19: Kopiere erneut 'C:/Users/rre/Documents/GitHub/project-management-system/.git/config' -> 'Z:/GoodSync/Mittelstufenprojekt/.git/config'
2014-04-23 17:31:19: Kopiere erneut 'C:/Users/rre/Documents/GitHub/project-management-system/.git/description' -> 'Z:/GoodSync/Mittelstufenprojekt/.git/description'
2014-04-23 17:31:19: Kopiere erneut 'C:/Users/rre/Documents/GitHub/project-management-system/.git/FETCH_HEAD' -> 'Z:/GoodSync/Mittelstufenprojekt/.git/FETCH_HEAD'
2014-04-23 17:31:19: Kopiere erneut 'C:/Users/rre/Documents/GitHub/project-management-system/.git/HEAD' -> 'Z:/GoodSync/Mittelstufenprojekt/.git/HEAD'
2014-04-23 17:31:19: Kopiere erneut 'C:/Users/rre/Documents/GitHub/project-management-system/.git/hooks/applypatch-msg.sample' -> 'Z:/GoodSync/Mittelstufenprojekt/.git/hooks/applypatch-msg.sample'
2014-04-23 17:31:19: Kopiere erneut 'C:/Users/rre/Documents/GitHub/project-management-system/.git/hooks/commit-msg.sample' -> 'Z:/GoodSync/Mittelstufenprojekt/.git/hooks/commit-msg.sample'
2014-04-23 17:31:19: Kopiere erneut 'C:/Users/rre/Documents/GitHub/project-management-system/.git/hooks/post-update.sample' -> 'Z:/GoodSync/Mittelstufenprojekt/.git/hooks/post-update.sample'
2014-04-23 17:31:19: Kopiere erneut 'C:/Users/rre/Documents/GitHub/project-management-system/.git/hooks/pre-applypatch.sample' -> 'Z:/GoodSync/Mittelstufenprojekt/.git/hooks/pre-applypatch.sample'
2014-04-23 17:31:19: Kopiere erneut 'C:/Users/rre/Documents/GitHub/project-management-system/.git/hooks/pre-commit.sample' -> 'Z:/GoodSync/Mittelstufenprojekt/.git/hooks/pre-commit.sample'
2014-04-23 17:31:19: Kopiere erneut 'C:/Users/rre/Documents/GitHub/project-management-system/.git/hooks/pre-push.sample' -> 'Z:/GoodSync/Mittelstufenprojekt/.git/hooks/pre-push.sample'
2014-04-23 17:31:19: Kopiere erneut 'C:/Users/rre/Documents/GitHub/project-management-system/.git/hooks/pre-rebase.sample' -> 'Z:/GoodSync/Mittelstufenprojekt/.git/hooks/pre-rebase.sample'
2014-04-23 17:31:19: Kopiere erneut 'C:/Users/rre/Documents/GitHub/project-management-system/.git/hooks/prepare-commit-msg.sample' -> 'Z:/GoodSync/Mittelstufenprojekt/.git/hooks/prepare-commit-msg.sample'
2014-04-23 17:31:19: Kopiere erneut 'C:/Users/rre/Documents/GitHub/project-management-system/.git/hooks/update.sample' -> 'Z:/GoodSync/Mittelstufenprojekt/.git/hooks/update.sample'
2014-04-23 17:31:19: Kopiere erneut 'C:/Users/rre/Documents/GitHub/project-management-system/.git/index' -> 'Z:/GoodSync/Mittelstufenprojekt/.git/index'
2014-04-23 17:31:19: Kopiere erneut 'C:/Users/rre/Documents/GitHub/project-management-system/.git/info/exclude' -> 'Z:/GoodSync/Mittelstufenprojekt/.git/info/exclude'
2014-04-23 17:31:19: Kopiere erneut 'C:/Users/rre/Documents/GitHub/project-management-system/.git/logs/HEAD' -> 'Z:/GoodSync/Mittelstufenprojekt/.git/logs/HEAD'
2014-04-23 17:31:19: Kopiere erneut 'C:/Users/rre/Documents/GitHub/project-management-system/.git/logs/refs/heads/master' -> 'Z:/GoodSync/Mittelstufenprojekt/.git/logs/refs/heads/master'
2014-04-23 17:31:19: Kopiere erneut 'C:/Users/rre/Documents/GitHub/project-management-system/.git/logs/refs/remotes/origin/HEAD' -> 'Z:/GoodSync/Mittelstufenprojekt/.git/logs/refs/remotes/origin/HEAD'
2014-04-23 17:31:19: Kopiere erneut 'C:/Users/rre/Documents/GitHub/project-management-system/.git/logs/refs/remotes/origin/master' -> 'Z:/GoodSync/Mittelstufenprojekt/.git/logs/refs/remotes/origin/master'
2014-04-23 17:31:19: Kopiere erneut 'C:/Users/rre/Documents/GitHub/project-management-system/.git/objects/00/b0fae408a44b5845a088277d2ffe5573362fa6' -> 'Z:/GoodSync/Mittelstufenprojekt/.git/objects/00/b0fae408a44b5845a088277d2ffe5573362fa6'
2014-04-23 17:31:19: Kopiere erneut 'C:/Users/rre/Documents/GitHub/project-management-system/.git/objects/02/1cd0ed085eaf6ceeb71384333d0c54335dec40' -> 'Z:/GoodSync/Mittelstufenprojekt/.git/objects/02/1cd0ed085eaf6ceeb71384333d0c54335dec40'
2014-04-23 17:31:19: Kopiere erneut 'C:/Users/rre/Documents/GitHub/project-management-system/.git/objects/04/2b02fa6f3a827c7093adb7e5798bb1582fde24' -> 'Z:/GoodSync/Mittelstufenprojekt/.git/objects/04/2b02fa6f3a827c7093adb7e5798bb1582fde24'
2014-04-23 17:31:19: Kopiere erneut 'C:/Users/rre/Documents/GitHub/project-management-system/.git/objects/05/add6f1f1b202a04c969f1e88b3b2ca8f131a53' -> 'Z:/GoodSync/Mittelstufenprojekt/.git/objects/05/add6f1f1b202a04c969f1e88b3b2ca8f131a53'
2014-04-23 17:31:19: Kopiere erneut 'C:/Users/rre/Documents/GitHub/project-management-system/.git/objects/05/b1a131caf42227702620d10a02ec8e2f8adc7c' -> 'Z:/GoodSync/Mittelstufenprojekt/.git/objects/05/b1a131caf42227702620d10a02ec8e2f8adc7c'
2014-04-23 17:31:19: Kopiere erneut 'C:/Users/rre/Documents/GitHub/project-management-system/.git/objects/06/b3f651b52f97683f0f68ccafe9f8e736a06a18' -> 'Z:/GoodSync/Mittelstufenprojekt/.git/objects/06/b3f651b52f97683f0f68ccafe9f8e736a06a18'
2014-04-23 17:31:19: Kopiere erneut 'C:/Users/rre/Documents/GitHub/project-management-system/.git/objects/07/66c49b9f68c62447255026724d9af32f7703b6' -> 'Z:/GoodSync/Mittelstufenprojekt/.git/objects/07/66c49b9f68c62447255026724d9af32f7703b6'
2014-04-23 17:31:19: Kopiere erneut 'C:/Users/rre/Documents/GitHub/project-management-system/.git/objects/07/b6aecf42d65c6b5b99037e4d8d4b8fd3e6b1b6' -> 'Z:/GoodSync/Mittelstufenprojekt/.git/objects/07/b6aecf42d65c6b5b99037e4d8d4b8fd3e6b1b6'
2014-04-23 17:31:20: Kopiere erneut 'C:/Users/rre/Documents/GitHub/project-management-system/.git/objects/09/df8adb27a5aab68b418e4b2964edfdae50cd8f' -> 'Z:/GoodSync/Mittelstufenprojekt/.git/objects/09/df8adb27a5aab68b418e4b2964edfdae50cd8f'
2014-04-23 17:31:20: Kopiere erneut 'C:/Users/rre/Documents/GitHub/project-management-system/.git/objects/0b/83386e7c9c6b920efbc9a68677382df10c013a' -> 'Z:/GoodSync/Mittelstufenprojekt/.git/objects/0b/83386e7c9c6b920efbc9a68677382df10c013a'
2014-04-23 17:31:20: Kopiere erneut 'C:/Users/rre/Documents/GitHub/project-management-system/.git/objects/0d/fa92ff68d06bfb5f8bfed01628faa8448ce232' -> 'Z:/GoodSync/Mittelstufenprojekt/.git/objects/0d/fa92ff68d06bfb5f8bfed01628faa8448ce232'
2014-04-23 17:31:20: Kopiere erneut 'C:/Users/rre/Documents/GitHub/project-management-system/.git/objects/0e/697eedb2e92074a1361eff3abd22c39547c7dd' -> 'Z:/GoodSync/Mittelstufenprojekt/.git/objects/0e/697eedb2e92074a1361eff3abd22c39547c7dd'
2014-04-23 17:31:20: Kopiere erneut 'C:/Users/rre/Documents/GitHub/project-management-system/.git/objects/0f/182a0349c4925c57f4ffbd5802b536a3e2588b' -> 'Z:/GoodSync/Mittelstufenprojekt/.git/objects/0f/182a0349c4925c57f4ffbd5802b536a3e2588b'
2014-04-23 17:31:20: Kopiere erneut 'C:/Users/rre/Documents/GitHub/project-management-system/.git/objects/0f/252379a91143fbbc47e8845191ffe60d5d120f' -> 'Z:/GoodSync/Mittelstufenprojekt/.git/objects/0f/252379a91143fbbc47e8845191ffe60d5d120f'
2014-04-23 17:31:20: Kopiere erneut 'C:/Users/rre/Documents/GitHub/project-management-system/.git/objects/11/c4c3b0ef148673a4697584986fa75fd27763f8' -> 'Z:/GoodSync/Mittelstufenprojekt/.git/objects/11/c4c3b0ef148673a4697584986fa75fd27763f8'
2014-04-23 17:31:20: Kopiere erneut 'C:/Users/rre/Documents/GitHub/project-management-system/.git/objects/12/f7730658c55180ea7516802a0c610980f8c4fc' -> 'Z:/GoodSync/Mittelstufenprojekt/.git/objects/12/f7730658c55180ea7516802a0c610980f8c4fc'
2014-04-23 17:31:20: Kopiere erneut 'C:/Users/rre/Documents/GitHub/project-management-system/.git/objects/14/165120a1c2af7e3eace78d9ba29d3167ed541c' -> 'Z:/GoodSync/Mittelstufenprojekt/.git/objects/14/165120a1c2af7e3eace78d9ba29d3167ed541c'
2014-04-23 17:31:20: Kopiere erneut 'C:/Users/rre/Documents/GitHub/project-management-system/.git/objects/14/68696a244fe5725b8069fac7ae3635fce69647' -> 'Z:/GoodSync/Mittelstufenprojekt/.git/objects/14/68696a244fe5725b8069fac7ae3635fce69647'
2014-04-23 17:31:20: Kopiere erneut 'C:/Users/rre/Documents/GitHub/project-management-system/.git/objects/14/d781f6ef388aef4e7435c5e97c54e48e7b4a6f' -> 'Z:/GoodSync/Mittelstufenprojekt/.git/objects/14/d781f6ef388aef4e7435c5e97c54e48e7b4a6f'
2014-04-23 17:31:20: Kopiere erneut 'C:/Users/rre/Documents/GitHub/project-management-system/.git/objects/15/11d1815d2cdb6c46ec93f1cf6031872ef5ee55' -> 'Z:/GoodSync/Mittelstufenprojekt/.git/objects/15/11d1815d2cdb6c46ec93f1cf6031872ef5ee55'
2014-04-23 17:31:20: Kopiere erneut 'C:/Users/rre/Documents/GitHub/project-management-system/.git/objects/16/970bca82cb303f8a69a9bd457ac75c5e963d90' -> 'Z:/GoodSync/Mittelstufenprojekt/.git/objects/16/970bca82cb303f8a69a9bd457ac75c5e963d90'
2014-04-23 17:31:20: Kopiere erneut 'C:/Users/rre/Documents/GitHub/project-management-system/.git/objects/16/f85f23494149707ed808405838fbc49c65ea8a' -> 'Z:/GoodSync/Mittelstufenprojekt/.git/objects/16/f85f23494149707ed808405838fbc49c65ea8a'
2014-04-23 17:31:20: Kopiere erneut 'C:/Users/rre/Documents/GitHub/project-management-system/.git/objects/1c/388f6d3d002176ab67a5c46425cf65d0830a50' -> 'Z:/GoodSync/Mittelstufenprojekt/.git/objects/1c/388f6d3d002176ab67a5c46425cf65d0830a50'
2014-04-23 17:31:20: Kopiere erneut 'C:/Users/rre/Documents/GitHub/project-management-system/.git/objects/1c/7741db10aee1bdd951904f538e1839f0255640' -> 'Z:/GoodSync/Mittelstufenprojekt/.git/objects/1c/7741db10aee1bdd951904f538e1839f0255640'
2014-04-23 17:31:20: Kopiere erneut 'C:/Users/rre/Documents/GitHub/project-management-system/.git/objects/1c/881ec1465901a2bc6b0ade42f234b22d74dff9' -> 'Z:/GoodSync/Mittelstufenprojekt/.git/objects/1c/881ec1465901a2bc6b0ade42f234b22d74dff9'
2014-04-23 17:31:20: Kopiere erneut 'C:/Users/rre/Documents/GitHub/project-management-system/.git/objects/1e/3f32c757638c3977afe3af6f243ac98cfc8a61' -> 'Z:/GoodSync/Mittelstufenprojekt/.git/objects/1e/3f32c757638c3977afe3af6f243ac98cfc8a61'
2014-04-23 17:31:20: Kopiere erneut 'C:/Users/rre/Documents/GitHub/project-management-system/.git/objects/1e/5d4c646736f801f4009cd98dabbdd09ad07a01' -> 'Z:/GoodSync/Mittelstufenprojekt/.git/objects/1e/5d4c646736f801f4009cd98dabbdd09ad07a01'
2014-04-23 17:31:20: Kopiere erneut 'C:/Users/rre/Documents/GitHub/project-management-system/.git/objects/1f/c6bc4c35471333b9a1574a9ecaef7be73560d2' -> 'Z:/GoodSync/Mittelstufenprojekt/.git/objects/1f/c6bc4c35471333b9a1574a9ecaef7be73560d2'
2014-04-23 17:31:20: Kopiere erneut 'C:/Users/rre/Documents/GitHub/project-management-system/.git/objects/20/5823c553f14e50417aaff8ccfc905cfc6de56e' -> 'Z:/GoodSync/Mittelstufenprojekt/.git/objects/20/5823c553f14e50417aaff8ccfc905cfc6de56e'
2014-04-23 17:31:20: Kopiere erneut 'C:/Users/rre/Documents/GitHub/project-management-system/.git/objects/22/3e96f44d4f6ed8d583866df4a5932785003719' -> 'Z:/GoodSync/Mittelstufenprojekt/.git/objects/22/3e96f44d4f6ed8d583866df4a5932785003719'
2014-04-23 17:31:20: Kopiere erneut 'C:/Users/rre/Documents/GitHub/project-management-system/.git/objects/28/024988ed4f094757358a19bd2ea096568e8d8f' -> 'Z:/GoodSync/Mittelstufenprojekt/.git/objects/28/024988ed4f094757358a19bd2ea096568e8d8f'
2014-04-23 17:31:20: Kopiere erneut 'C:/Users/rre/Documents/GitHub/project-management-system/.git/objects/28/06904803ce12a4e8b5f429049a8672702a3131' -> 'Z:/GoodSync/Mittelstufenprojekt/.git/objects/28/06904803ce12a4e8b5f429049a8672702a3131'
2014-04-23 17:31:20: Kopiere erneut 'C:/Users/rre/Documents/GitHub/project-management-system/.git/objects/28/c865928bf4a950c96796499272c3f303588099' -> 'Z:/GoodSync/Mittelstufenprojekt/.git/objects/28/c865928bf4a950c96796499272c3f303588099'
2014-04-23 17:31:21: Kopiere erneut 'C:/Users/rre/Documents/GitHub/project-management-system/.git/objects/29/e431c3d801b673773ea9500db41dfb36b68988' -> 'Z:/GoodSync/Mittelstufenprojekt/.git/objects/29/e431c3d801b673773ea9500db41dfb36b68988'
2014-04-23 17:31:21: Kopiere erneut 'C:/Users/rre/Documents/GitHub/project-management-system/.git/objects/2c/754d72be8863c7966f3be0990821b0f28ab330' -> 'Z:/GoodSync/Mittelstufenprojekt/.git/objects/2c/754d72be8863c7966f3be0990821b0f28ab330'
2014-04-23 17:31:21: Kopiere erneut 'C:/Users/rre/Documents/GitHub/project-management-system/.git/objects/2d/6d639b0356ce3d9658bf7528d8a8a10cc7a3c6' -> 'Z:/GoodSync/Mittelstufenprojekt/.git/objects/2d/6d639b0356ce3d9658bf7528d8a8a10cc7a3c6'
2014-04-23 17:31:21: Kopiere erneut 'C:/Users/rre/Documents/GitHub/project-management-system/.git/objects/2e/56dae520b76b6a4921de3a3e819a32dfc6e209' -> 'Z:/GoodSync/Mittelstufenprojekt/.git/objects/2e/56dae520b76b6a4921de3a3e819a32dfc6e209'
2014-04-23 17:31:21: Kopiere erneut 'C:/Users/rre/Documents/GitHub/project-management-system/.git/objects/2e/9674fde823962ab30562a0fc8dc0b2a3e14cf1' -> 'Z:/GoodSync/Mittelstufenprojekt/.git/objects/2e/9674fde823962ab30562a0fc8dc0b2a3e14cf1'
2014-04-23 17:31:21: Kopiere erneut 'C:/Users/rre/Documents/GitHub/project-management-system/.git/objects/30/b52f4e37fb798b30af1379aebe434595bb135d' -> 'Z:/GoodSync/Mittelstufenprojekt/.git/objects/30/b52f4e37fb798b30af1379aebe434595bb135d'
2014-04-23 17:31:21: Kopiere erneut 'C:/Users/rre/Documents/GitHub/project-management-system/.git/objects/30/d7f56715eec7ef17a273e896a57f64fb027121' -> 'Z:/GoodSync/Mittelstufenprojekt/.git/objects/30/d7f56715eec7ef17a273e896a57f64fb027121'
2014-04-23 17:31:21: Kopiere erneut 'C:/Users/rre/Documents/GitHub/project-management-system/.git/objects/32/164396a4b95409b4a8fa8144f5969c56454a1b' -> 'Z:/GoodSync/Mittelstufenprojekt/.git/objects/32/164396a4b95409b4a8fa8144f5969c56454a1b'
2014-04-23 17:31:21: Kopiere erneut 'C:/Users/rre/Documents/GitHub/project-management-system/.git/objects/34/721086a04997dc5dfd8f4212bf94c1686b3a24' -> 'Z:/GoodSync/Mittelstufenprojekt/.git/objects/34/721086a04997dc5dfd8f4212bf94c1686b3a24'
2014-04-23 17:31:21: Kopiere erneut 'C:/Users/rre/Documents/GitHub/project-management-system/.git/objects/37/7d6115186ada38bc8d8cb3de4081d488bb1b15' -> 'Z:/GoodSync/Mittelstufenprojekt/.git/objects/37/7d6115186ada38bc8d8cb3de4081d488bb1b15'
2014-04-23 17:31:21: Kopiere erneut 'C:/Users/rre/Documents/GitHub/project-management-system/.git/objects/38/ea900756b3a0c8a2ac3760b6e54313de593675' -> 'Z:/GoodSync/Mittelstufenprojekt/.git/objects/38/ea900756b3a0c8a2ac3760b6e54313de593675'
2014-04-23 17:31:21: Kopiere erneut 'C:/Users/rre/Documents/GitHub/project-management-system/.git/objects/39/0773b17c035ccce43d055833200dc2a60f3f6c' -> 'Z:/GoodSync/Mittelstufenprojekt/.git/objects/39/0773b17c035ccce43d055833200dc2a60f3f6c'
2014-04-23 17:31:21: Kopiere erneut 'C:/Users/rre/Documents/GitHub/project-management-system/.git/objects/3a/3314580928b7a8d7b2128ecdc161ca22b88137' -> 'Z:/GoodSync/Mittelstufenprojekt/.git/objects/3a/3314580928b7a8d7b2128ecdc161ca22b88137'
2014-04-23 17:31:21: Kopiere erneut 'C:/Users/rre/Documents/GitHub/project-management-system/.git/objects/3a/3dff4fdc46021112d7cf731a76a8d22e93f789' -> 'Z:/GoodSync/Mittelstufenprojekt/.git/objects/3a/3dff4fdc46021112d7cf731a76a8d22e93f789'
2014-04-23 17:31:21: Kopiere erneut 'C:/Users/rre/Documents/GitHub/project-management-system/.git/objects/3d/bfb42deb240d8217eaeb350bf679a7a5c9062e' -> 'Z:/GoodSync/Mittelstufenprojekt/.git/objects/3d/bfb42deb240d8217eaeb350bf679a7a5c9062e'
2014-04-23 17:31:21: Kopiere erneut 'C:/Users/rre/Documents/GitHub/project-management-system/.git/objects/43/6a187b8b4f12f7e0bfa42fc8c828a184dca333' -> 'Z:/GoodSync/Mittelstufenprojekt/.git/objects/43/6a187b8b4f12f7e0bfa42fc8c828a184dca333'
2014-04-23 17:31:21: Kopiere erneut 'C:/Users/rre/Documents/GitHub/project-management-system/.git/objects/44/3d1797794cbc851d6c917df72e362c3a8d5c06' -> 'Z:/GoodSync/Mittelstufenprojekt/.git/objects/44/3d1797794cbc851d6c917df72e362c3a8d5c06'
2014-04-23 17:31:21: Kopiere erneut 'C:/Users/rre/Documents/GitHub/project-management-system/.git/objects/45/a3e22ea6404dd2ee1e92a0f9c285c48cfa01dd' -> 'Z:/GoodSync/Mittelstufenprojekt/.git/objects/45/a3e22ea6404dd2ee1e92a0f9c285c48cfa01dd'
2014-04-23 17:31:21: Kopiere erneut 'C:/Users/rre/Documents/GitHub/project-management-system/.git/objects/47/72ddef414aac0aa461a917bc0fb0dfa1002619' -> 'Z:/GoodSync/Mittelstufenprojekt/.git/objects/47/72ddef414aac0aa461a917bc0fb0dfa1002619'
2014-04-23 17:31:21: Kopiere erneut 'C:/Users/rre/Documents/GitHub/project-management-system/.git/objects/47/e50d031702035480619856e12f00f14157f41e' -> 'Z:/GoodSync/Mittelstufenprojekt/.git/objects/47/e50d031702035480619856e12f00f14157f41e'
2014-04-23 17:31:21: Kopiere erneut 'C:/Users/rre/Documents/GitHub/project-management-system/.git/objects/48/50f59689629c69ec60d34bed0ad4a13d316f2c' -> 'Z:/GoodSync/Mittelstufenprojekt/.git/objects/48/50f59689629c69ec60d34bed0ad4a13d316f2c'
2014-04-23 17:31:21: Kopiere erneut 'C:/Users/rre/Documents/GitHub/project-management-system/.git/objects/49/5645657b109154c7c62420723301b6c05d37a0' -> 'Z:/GoodSync/Mittelstufenprojekt/.git/objects/49/5645657b109154c7c62420723301b6c05d37a0'
2014-04-23 17:31:21: Kopiere erneut 'C:/Users/rre/Documents/GitHub/project-management-system/.git/objects/4d/58d7982aff50ccb543b7daefd6e2a980bea32a' -> 'Z:/GoodSync/Mittelstufenprojekt/.git/objects/4d/58d7982aff50ccb543b7daefd6e2a980bea32a'
2014-04-23 17:31:21: Kopiere erneut 'C:/Users/rre/Documents/GitHub/project-management-system/.git/objects/4d/d7ade1e85d19c3e080b22acdafae173947187c' -> 'Z:/GoodSync/Mittelstufenprojekt/.git/objects/4d/d7ade1e85d19c3e080b22acdafae173947187c'
2014-04-23 17:31:21: Kopiere erneut 'C:/Users/rre/Documents/GitHub/project-management-system/.git/objects/51/f97b77a724d0966b7868a2afa8145ee7bf6ff8' -> 'Z:/GoodSync/Mittelstufenprojekt/.git/objects/51/f97b77a724d0966b7868a2afa8145ee7bf6ff8'
2014-04-23 17:31:21: Kopiere erneut 'C:/Users/rre/Documents/GitHub/project-management-system/.git/objects/53/0ac6a99f34ebe7002cd0149b7683738d63db71' -> 'Z:/GoodSync/Mittelstufenprojekt/.git/objects/53/0ac6a99f34ebe7002cd0149b7683738d63db71'
2014-04-23 17:31:22: Kopiere erneut 'C:/Users/rre/Documents/GitHub/project-management-system/.git/objects/54/0af92e45be9126830024a4686df19df752be45' -> 'Z:/GoodSync/Mittelstufenprojekt/.git/objects/54/0af92e45be9126830024a4686df19df752be45'
2014-04-23 17:31:22: Kopiere erneut 'C:/Users/rre/Documents/GitHub/project-management-system/.git/objects/54/31a93fbcdbaf984f8b7298f5354f77490dc970' -> 'Z:/GoodSync/Mittelstufenprojekt/.git/objects/54/31a93fbcdbaf984f8b7298f5354f77490dc970'
2014-04-23 17:31:22: Kopiere erneut 'C:/Users/rre/Documents/GitHub/project-management-system/.git/objects/54/5759d939910b4022f5aecd205efe3520296995' -> 'Z:/GoodSync/Mittelstufenprojekt/.git/objects/54/5759d939910b4022f5aecd205efe3520296995'
2014-04-23 17:31:22: Kopiere erneut 'C:/Users/rre/Documents/GitHub/project-management-system/.git/objects/55/f851c28810076aeb369ff9da9bc1870bc36151' -> 'Z:/GoodSync/Mittelstufenprojekt/.git/objects/55/f851c28810076aeb369ff9da9bc1870bc36151'
2014-04-23 17:31:22: Kopiere erneut 'C:/Users/rre/Documents/GitHub/project-management-system/.git/objects/56/ed9a7001f5fcbe7a77a36b49a522ce2d56328a' -> 'Z:/GoodSync/Mittelstufenprojekt/.git/objects/56/ed9a7001f5fcbe7a77a36b49a522ce2d56328a'
2014-04-23 17:31:22: Kopiere erneut 'C:/Users/rre/Documents/GitHub/project-management-system/.git/objects/58/49748b63659b7ae96b89cf2feff18f51096dd7' -> 'Z:/GoodSync/Mittelstufenprojekt/.git/objects/58/49748b63659b7ae96b89cf2feff18f51096dd7'
2014-04-23 17:31:22: Kopiere erneut 'C:/Users/rre/Documents/GitHub/project-management-system/.git/objects/5b/9d1f15a2ccc74dd085f5983b558c17bbba4487' -> 'Z:/GoodSync/Mittelstufenprojekt/.git/objects/5b/9d1f15a2ccc74dd085f5983b558c17bbba4487'
2014-04-23 17:31:22: Kopiere erneut 'C:/Users/rre/Documents/GitHub/project-management-system/.git/objects/5b/bcba033f1a5c203cd015c2dc005049d2bc1b56' -> 'Z:/GoodSync/Mittelstufenprojekt/.git/objects/5b/bcba033f1a5c203cd015c2dc005049d2bc1b56'
2014-04-23 17:31:22: Kopiere erneut 'C:/Users/rre/Documents/GitHub/project-management-system/.git/objects/5c/a02870900ddc3f584cb3d86f4b7ecc14043ad2' -> 'Z:/GoodSync/Mittelstufenprojekt/.git/objects/5c/a02870900ddc3f584cb3d86f4b7ecc14043ad2'
2014-04-23 17:31:22: Kopiere erneut 'C:/Users/rre/Documents/GitHub/project-management-system/.git/objects/61/ee1ad8ab9e84ab90960e922144a577da45caf5' -> 'Z:/GoodSync/Mittelstufenprojekt/.git/objects/61/ee1ad8ab9e84ab90960e922144a577da45caf5'
2014-04-23 17:31:22: Kopiere erneut 'C:/Users/rre/Documents/GitHub/project-management-system/.git/objects/65/fbb019dd22e22c56e0460906d65c0e48b2a486' -> 'Z:/GoodSync/Mittelstufenprojekt/.git/objects/65/fbb019dd22e22c56e0460906d65c0e48b2a486'
2014-04-23 17:31:22: Kopiere erneut 'C:/Users/rre/Documents/GitHub/project-management-system/.git/objects/66/e731df9797264e0c0a9383b7346a2c7898557d' -> 'Z:/GoodSync/Mittelstufenprojekt/.git/objects/66/e731df9797264e0c0a9383b7346a2c7898557d'
2014-04-23 17:31:22: Kopiere erneut 'C:/Users/rre/Documents/GitHub/project-management-system/.git/objects/68/9f3a4bc9727464dbce5eca5b76259a3f724643' -> 'Z:/GoodSync/Mittelstufenprojekt/.git/objects/68/9f3a4bc9727464dbce5eca5b76259a3f724643'
2014-04-23 17:31:22: Kopiere erneut 'C:/Users/rre/Documents/GitHub/project-management-system/.git/objects/68/bee720c4f98c697c0ecfcf5fe1a27c8fdcac7a' -> 'Z:/GoodSync/Mittelstufenprojekt/.git/objects/68/bee720c4f98c697c0ecfcf5fe1a27c8fdcac7a'
2014-04-23 17:31:22: Kopiere erneut 'C:/Users/rre/Documents/GitHub/project-management-system/.git/objects/69/943bc9172c989253bf4b2220b8d72efcc5b67f' -> 'Z:/GoodSync/Mittelstufenprojekt/.git/objects/69/943bc9172c989253bf4b2220b8d72efcc5b67f'
2014-04-23 17:31:22: Kopiere erneut 'C:/Users/rre/Documents/GitHub/project-management-system/.git/objects/69/fea41add4abe4bb2ec1b9dec3b28d811bfd1ec' -> 'Z:/GoodSync/Mittelstufenprojekt/.git/objects/69/fea41add4abe4bb2ec1b9dec3b28d811bfd1ec'
2014-04-23 17:31:22: Kopiere erneut 'C:/Users/rre/Documents/GitHub/project-management-system/.git/objects/6a/620b7fba0b95ff36951a616c53eb6b286cf749' -> 'Z:/GoodSync/Mittelstufenprojekt/.git/objects/6a/620b7fba0b95ff36951a616c53eb6b286cf749'
2014-04-23 17:31:22: Kopiere erneut 'C:/Users/rre/Documents/GitHub/project-management-system/.git/objects/6d/8b854f2294f9637453440f6c16459c3182b7aa' -> 'Z:/GoodSync/Mittelstufenprojekt/.git/objects/6d/8b854f2294f9637453440f6c16459c3182b7aa'
2014-04-23 17:31:22: Kopiere erneut 'C:/Users/rre/Documents/GitHub/project-management-system/.git/objects/6e/3eb70049732aa411cf3b74404fb3782c3f2b25' -> 'Z:/GoodSync/Mittelstufenprojekt/.git/objects/6e/3eb70049732aa411cf3b74404fb3782c3f2b25'
2014-04-23 17:31:22: Kopiere erneut 'C:/Users/rre/Documents/GitHub/project-management-system/.git/objects/6f/0b8b74ef10100f2d89ecbe859ba230d1920076' -> 'Z:/GoodSync/Mittelstufenprojekt/.git/objects/6f/0b8b74ef10100f2d89ecbe859ba230d1920076'
2014-04-23 17:31:22: Kopiere erneut 'C:/Users/rre/Documents/GitHub/project-management-system/.git/objects/72/965a7a5d2849d18d1b07a2baad0f59e2933625' -> 'Z:/GoodSync/Mittelstufenprojekt/.git/objects/72/965a7a5d2849d18d1b07a2baad0f59e2933625'
2014-04-23 17:31:22: Kopiere erneut 'C:/Users/rre/Documents/GitHub/project-management-system/.git/objects/73/1387432074fb2788b5d9802456ff6ad130f2fd' -> 'Z:/GoodSync/Mittelstufenprojekt/.git/objects/73/1387432074fb2788b5d9802456ff6ad130f2fd'
2014-04-23 17:31:22: Kopiere erneut 'C:/Users/rre/Documents/GitHub/project-management-system/.git/objects/75/cd427b59465a8a99d96381e0c2a3f0621cb20d' -> 'Z:/GoodSync/Mittelstufenprojekt/.git/objects/75/cd427b59465a8a99d96381e0c2a3f0621cb20d'
2014-04-23 17:31:22: Kopiere erneut 'C:/Users/rre/Documents/GitHub/project-management-system/.git/objects/76/9f2c2a6884d6769a7c764091d22c88f82b2602' -> 'Z:/GoodSync/Mittelstufenprojekt/.git/objects/76/9f2c2a6884d6769a7c764091d22c88f82b2602'
2014-04-23 17:31:22: Kopiere erneut 'C:/Users/rre/Documents/GitHub/project-management-system/.git/objects/78/23413cde2f9ac54e96257e043f35806a26b695' -> 'Z:/GoodSync/Mittelstufenprojekt/.git/objects/78/23413cde2f9ac54e96257e043f35806a26b695'
2014-04-23 17:31:22: Kopiere erneut 'C:/Users/rre/Documents/GitHub/project-management-system/.git/objects/79/30fbcb73daff06dedc45ffba5ac4ec27d0718d' -> 'Z:/GoodSync/Mittelstufenprojekt/.git/objects/79/30fbcb73daff06dedc45ffba5ac4ec27d0718d'
2014-04-23 17:31:22: Kopiere erneut 'C:/Users/rre/Documents/GitHub/project-management-system/.git/objects/79/a524c673f96cd9c942a2b118251d4c6d16fc86' -> 'Z:/GoodSync/Mittelstufenprojekt/.git/objects/79/a524c673f96cd9c942a2b118251d4c6d16fc86'
2014-04-23 17:31:23: Kopiere erneut 'C:/Users/rre/Documents/GitHub/project-management-system/.git/objects/7c/a91576cc05301c6b3767f9d80044795f44b1ea' -> 'Z:/GoodSync/Mittelstufenprojekt/.git/objects/7c/a91576cc05301c6b3767f9d80044795f44b1ea'
2014-04-23 17:31:23: Kopiere erneut 'C:/Users/rre/Documents/GitHub/project-management-system/.git/objects/7c/e573ebed9ebb0ecb683ab4f21c4f774522ab73' -> 'Z:/GoodSync/Mittelstufenprojekt/.git/objects/7c/e573ebed9ebb0ecb683ab4f21c4f774522ab73'
2014-04-23 17:31:23: Kopiere erneut 'C:/Users/rre/Documents/GitHub/project-management-system/.git/objects/7f/3097ee7f5d98b2488c7dfdfbb3d54671d3958a' -> 'Z:/GoodSync/Mittelstufenprojekt/.git/objects/7f/3097ee7f5d98b2488c7dfdfbb3d54671d3958a'
2014-04-23 17:31:23: Kopiere erneut 'C:/Users/rre/Documents/GitHub/project-management-system/.git/objects/7f/44fab37a0ac7eaea4ff0799e2db5114ae5c878' -> 'Z:/GoodSync/Mittelstufenprojekt/.git/objects/7f/44fab37a0ac7eaea4ff0799e2db5114ae5c878'
2014-04-23 17:31:23: Kopiere erneut 'C:/Users/rre/Documents/GitHub/project-management-system/.git/objects/85/5c621757d0fbb460194781d7d0041eb1942f8b' -> 'Z:/GoodSync/Mittelstufenprojekt/.git/objects/85/5c621757d0fbb460194781d7d0041eb1942f8b'
2014-04-23 17:31:23: Kopiere erneut 'C:/Users/rre/Documents/GitHub/project-management-system/.git/objects/85/a31cffcc8f758a2788be362223a14f918046de' -> 'Z:/GoodSync/Mittelstufenprojekt/.git/objects/85/a31cffcc8f758a2788be362223a14f918046de'
2014-04-23 17:31:23: Kopiere erneut 'C:/Users/rre/Documents/GitHub/project-management-system/.git/objects/86/ac330c4a01543e90828f6404860fc785252d89' -> 'Z:/GoodSync/Mittelstufenprojekt/.git/objects/86/ac330c4a01543e90828f6404860fc785252d89'
2014-04-23 17:31:23: Kopiere erneut 'C:/Users/rre/Documents/GitHub/project-management-system/.git/objects/87/ebd192ccb3d02640ff4c03e611a79c802da0e6' -> 'Z:/GoodSync/Mittelstufenprojekt/.git/objects/87/ebd192ccb3d02640ff4c03e611a79c802da0e6'
2014-04-23 17:31:23: Kopiere erneut 'C:/Users/rre/Documents/GitHub/project-management-system/.git/objects/88/c43b8ae5e59c415d133e3a1630501687e11d3e' -> 'Z:/GoodSync/Mittelstufenprojekt/.git/objects/88/c43b8ae5e59c415d133e3a1630501687e11d3e'
2014-04-23 17:31:23: Kopiere erneut 'C:/Users/rre/Documents/GitHub/project-management-system/.git/objects/8a/54793ba1e5b7be7c29ef9d2d68c022aacdca97' -> 'Z:/GoodSync/Mittelstufenprojekt/.git/objects/8a/54793ba1e5b7be7c29ef9d2d68c022aacdca97'
2014-04-23 17:31:23: Kopiere erneut 'C:/Users/rre/Documents/GitHub/project-management-system/.git/objects/8f/167225aa46e940c163c2919156d833aa9c7769' -> 'Z:/GoodSync/Mittelstufenprojekt/.git/objects/8f/167225aa46e940c163c2919156d833aa9c7769'
2014-04-23 17:31:23: Kopiere erneut 'C:/Users/rre/Documents/GitHub/project-management-system/.git/objects/8f/64b116f14492d147a0d8e51b637d6e035de84d' -> 'Z:/GoodSync/Mittelstufenprojekt/.git/objects/8f/64b116f14492d147a0d8e51b637d6e035de84d'
2014-04-23 17:31:23: Kopiere erneut 'C:/Users/rre/Documents/GitHub/project-management-system/.git/objects/95/20fbff168d0a01f67de0e448b07cbb779f641c' -> 'Z:/GoodSync/Mittelstufenprojekt/.git/objects/95/20fbff168d0a01f67de0e448b07cbb779f641c'
2014-04-23 17:31:23: Kopiere erneut 'C:/Users/rre/Documents/GitHub/project-management-system/.git/objects/98/838966073ccc8fb30a9766028814f38bd1a8b4' -> 'Z:/GoodSync/Mittelstufenprojekt/.git/objects/98/838966073ccc8fb30a9766028814f38bd1a8b4'
2014-04-23 17:31:23: Kopiere erneut 'C:/Users/rre/Documents/GitHub/project-management-system/.git/objects/9a/526ca1aef8619a8fa72905222f3e5319b5ec0a' -> 'Z:/GoodSync/Mittelstufenprojekt/.git/objects/9a/526ca1aef8619a8fa72905222f3e5319b5ec0a'
2014-04-23 17:31:23: Kopiere erneut 'C:/Users/rre/Documents/GitHub/project-management-system/.git/objects/9a/f2eeef1e9dc3eb11ceac952ead3a8627bde52e' -> 'Z:/GoodSync/Mittelstufenprojekt/.git/objects/9a/f2eeef1e9dc3eb11ceac952ead3a8627bde52e'
2014-04-23 17:31:23: Kopiere erneut 'C:/Users/rre/Documents/GitHub/project-management-system/.git/objects/9d/f13e7d16e6a9461e739eb7b5a4a155fd368bc6' -> 'Z:/GoodSync/Mittelstufenprojekt/.git/objects/9d/f13e7d16e6a9461e739eb7b5a4a155fd368bc6'
2014-04-23 17:31:23: Kopiere erneut 'C:/Users/rre/Documents/GitHub/project-management-system/.git/objects/a0/d43237219aa1ace3ca296af5e8e541860a9233' -> 'Z:/GoodSync/Mittelstufenprojekt/.git/objects/a0/d43237219aa1ace3ca296af5e8e541860a9233'
2014-04-23 17:31:23: Kopiere erneut 'C:/Users/rre/Documents/GitHub/project-management-system/.git/objects/a1/90c445056d9d641921b9f8f0a8a9f44391564b' -> 'Z:/GoodSync/Mittelstufenprojekt/.git/objects/a1/90c445056d9d641921b9f8f0a8a9f44391564b'
2014-04-23 17:31:23: Kopiere erneut 'C:/Users/rre/Documents/GitHub/project-management-system/.git/objects/a3/89fa45366a4e6ac261979b1ec1bf16fcdce6cb' -> 'Z:/GoodSync/Mittelstufenprojekt/.git/objects/a3/89fa45366a4e6ac261979b1ec1bf16fcdce6cb'
2014-04-23 17:31:23: Kopiere erneut 'C:/Users/rre/Documents/GitHub/project-management-system/.git/objects/a4/7018cce36518b330f1aefa4a05e65035850ff1' -> 'Z:/GoodSync/Mittelstufenprojekt/.git/objects/a4/7018cce36518b330f1aefa4a05e65035850ff1'
2014-04-23 17:31:23: Kopiere erneut 'C:/Users/rre/Documents/GitHub/project-management-system/.git/objects/a8/da71fc73c4b1ddfddc97c96c1b52a6ea87da03' -> 'Z:/GoodSync/Mittelstufenprojekt/.git/objects/a8/da71fc73c4b1ddfddc97c96c1b52a6ea87da03'
2014-04-23 17:31:23: Kopiere erneut 'C:/Users/rre/Documents/GitHub/project-management-system/.git/objects/a9/f395755ab701cbf129b9f7d35e1333fdf5fcae' -> 'Z:/GoodSync/Mittelstufenprojekt/.git/objects/a9/f395755ab701cbf129b9f7d35e1333fdf5fcae'
2014-04-23 17:31:23: Kopiere erneut 'C:/Users/rre/Documents/GitHub/project-management-system/.git/objects/aa/dd82fadeac21d0f4bbaf71bf0298914426acd6' -> 'Z:/GoodSync/Mittelstufenprojekt/.git/objects/aa/dd82fadeac21d0f4bbaf71bf0298914426acd6'
2014-04-23 17:31:23: Kopiere erneut 'C:/Users/rre/Documents/GitHub/project-management-system/.git/objects/ac/dc77e564ce7f16e172ff118979aa69838d7e72' -> 'Z:/GoodSync/Mittelstufenprojekt/.git/objects/ac/dc77e564ce7f16e172ff118979aa69838d7e72'
2014-04-23 17:31:23: Kopiere erneut 'C:/Users/rre/Documents/GitHub/project-management-system/.git/objects/af/44c056397ae8c0a8d3a87d41e56ab41390b2a0' -> 'Z:/GoodSync/Mittelstufenprojekt/.git/objects/af/44c056397ae8c0a8d3a87d41e56ab41390b2a0'
2014-04-23 17:31:23: Kopiere erneut 'C:/Users/rre/Documents/GitHub/project-management-system/.git/objects/b1/07246418fefcb59ddcc38bd21d14d1d08789c6' -> 'Z:/GoodSync/Mittelstufenprojekt/.git/objects/b1/07246418fefcb59ddcc38bd21d14d1d08789c6'
2014-04-23 17:31:24: Kopiere erneut 'C:/Users/rre/Documents/GitHub/project-management-system/.git/objects/b2/12aff99c5cea52391095ee80e3c2394b1e177b' -> 'Z:/GoodSync/Mittelstufenprojekt/.git/objects/b2/12aff99c5cea52391095ee80e3c2394b1e177b'
2014-04-23 17:31:24: Kopiere erneut 'C:/Users/rre/Documents/GitHub/project-management-system/.git/objects/b4/a1288009c3c5dcc9bad9556b5552cf8c5988fc' -> 'Z:/GoodSync/Mittelstufenprojekt/.git/objects/b4/a1288009c3c5dcc9bad9556b5552cf8c5988fc'
2014-04-23 17:31:24: Kopiere erneut 'C:/Users/rre/Documents/GitHub/project-management-system/.git/objects/b4/ef543b10ea0ccb091a3d5d1cdc475934f1fdfd' -> 'Z:/GoodSync/Mittelstufenprojekt/.git/objects/b4/ef543b10ea0ccb091a3d5d1cdc475934f1fdfd'
2014-04-23 17:31:24: Kopiere erneut 'C:/Users/rre/Documents/GitHub/project-management-system/.git/objects/b4/fb0ca47f3c405b1aa994b848cf2971b3a43cf0' -> 'Z:/GoodSync/Mittelstufenprojekt/.git/objects/b4/fb0ca47f3c405b1aa994b848cf2971b3a43cf0'
2014-04-23 17:31:24: Kopiere erneut 'C:/Users/rre/Documents/GitHub/project-management-system/.git/objects/b5/28f3810965af5f214e1262d4a2d8cc599ed202' -> 'Z:/GoodSync/Mittelstufenprojekt/.git/objects/b5/28f3810965af5f214e1262d4a2d8cc599ed202'
2014-04-23 17:31:24: Kopiere erneut 'C:/Users/rre/Documents/GitHub/project-management-system/.git/objects/b5/3d90e7681fbe0dcd73e0c74e7ded6eea2aef1a' -> 'Z:/GoodSync/Mittelstufenprojekt/.git/objects/b5/3d90e7681fbe0dcd73e0c74e7ded6eea2aef1a'
2014-04-23 17:31:24: Kopiere erneut 'C:/Users/rre/Documents/GitHub/project-management-system/.git/objects/bc/dfa7333f91cada2b439e014c06da0258bbfd0c' -> 'Z:/GoodSync/Mittelstufenprojekt/.git/objects/bc/dfa7333f91cada2b439e014c06da0258bbfd0c'
2014-04-23 17:31:24: Kopiere erneut 'C:/Users/rre/Documents/GitHub/project-management-system/.git/objects/c6/a7be8e11bc84f26d13041a62d0d33b44c2e8fa' -> 'Z:/GoodSync/Mittelstufenprojekt/.git/objects/c6/a7be8e11bc84f26d13041a62d0d33b44c2e8fa'
2014-04-23 17:31:24: Kopiere erneut 'C:/Users/rre/Documents/GitHub/project-management-system/.git/objects/c6/a7e9f04d1d99fd880f67228f9d3ebf46654738' -> 'Z:/GoodSync/Mittelstufenprojekt/.git/objects/c6/a7e9f04d1d99fd880f67228f9d3ebf46654738'
2014-04-23 17:31:24: Kopiere erneut 'C:/Users/rre/Documents/GitHub/project-management-system/.git/objects/c7/0047a01bf55a08eb661b5d102ceb0517cbee1d' -> 'Z:/GoodSync/Mittelstufenprojekt/.git/objects/c7/0047a01bf55a08eb661b5d102ceb0517cbee1d'
2014-04-23 17:31:24: Kopiere erneut 'C:/Users/rre/Documents/GitHub/project-management-system/.git/objects/c9/7e6d960ff7c27e1926a22fc17a5c9f37390526' -> 'Z:/GoodSync/Mittelstufenprojekt/.git/objects/c9/7e6d960ff7c27e1926a22fc17a5c9f37390526'
2014-04-23 17:31:24: Kopiere erneut 'C:/Users/rre/Documents/GitHub/project-management-system/.git/objects/cc/1512650ea724e62310d1b90d89ae18cbfb6f12' -> 'Z:/GoodSync/Mittelstufenprojekt/.git/objects/cc/1512650ea724e62310d1b90d89ae18cbfb6f12'
2014-04-23 17:31:24: Kopiere erneut 'C:/Users/rre/Documents/GitHub/project-management-system/.git/objects/cd/11b666c09e992fbfab9f1e3f864704b6c10aea' -> 'Z:/GoodSync/Mittelstufenprojekt/.git/objects/cd/11b666c09e992fbfab9f1e3f864704b6c10aea'
2014-04-23 17:31:24: Kopiere erneut 'C:/Users/rre/Documents/GitHub/project-management-system/.git/objects/ce/0c50f71e700df61be9b04392a38949625469e8' -> 'Z:/GoodSync/Mittelstufenprojekt/.git/objects/ce/0c50f71e700df61be9b04392a38949625469e8'
2014-04-23 17:31:24: Kopiere erneut 'C:/Users/rre/Documents/GitHub/project-management-system/.git/objects/cf/49fcec06138d9cf91c4683a2e9aaaa887d91dd' -> 'Z:/GoodSync/Mittelstufenprojekt/.git/objects/cf/49fcec06138d9cf91c4683a2e9aaaa887d91dd'
2014-04-23 17:31:24: Kopiere erneut 'C:/Users/rre/Documents/GitHub/project-management-system/.git/objects/d0/fae13e6896503e200494222b974c650a9a3060' -> 'Z:/GoodSync/Mittelstufenprojekt/.git/objects/d0/fae13e6896503e200494222b974c650a9a3060'
2014-04-23 17:31:24: Kopiere erneut 'C:/Users/rre/Documents/GitHub/project-management-system/.git/objects/d7/b5b532ba2b8bb65b46cfdbee5f28d72ca92011' -> 'Z:/GoodSync/Mittelstufenprojekt/.git/objects/d7/b5b532ba2b8bb65b46cfdbee5f28d72ca92011'
2014-04-23 17:31:24: Kopiere erneut 'C:/Users/rre/Documents/GitHub/project-management-system/.git/objects/da/079d790c6f05245866dd89dafd69f2ac31f33f' -> 'Z:/GoodSync/Mittelstufenprojekt/.git/objects/da/079d790c6f05245866dd89dafd69f2ac31f33f'
2014-04-23 17:31:24: Kopiere erneut 'C:/Users/rre/Documents/GitHub/project-management-system/.git/objects/da/0c67ee4f99816ac297cc77687210df489a4533' -> 'Z:/GoodSync/Mittelstufenprojekt/.git/objects/da/0c67ee4f99816ac297cc77687210df489a4533'
2014-04-23 17:31:24: Kopiere erneut 'C:/Users/rre/Documents/GitHub/project-management-system/.git/objects/df/1be5952fd215e57f341138aa6565a337336d5e' -> 'Z:/GoodSync/Mittelstufenprojekt/.git/objects/df/1be5952fd215e57f341138aa6565a337336d5e'
2014-04-23 17:31:24: Kopiere erneut 'C:/Users/rre/Documents/GitHub/project-management-system/.git/objects/df/9e38c486306eecc68384bf75b207f9727ad506' -> 'Z:/GoodSync/Mittelstufenprojekt/.git/objects/df/9e38c486306eecc68384bf75b207f9727ad506'
2014-04-23 17:31:24: Kopiere erneut 'C:/Users/rre/Documents/GitHub/project-management-system/.git/objects/e2/a2b5604930f19f4c0834a5fe5cf74707495b2e' -> 'Z:/GoodSync/Mittelstufenprojekt/.git/objects/e2/a2b5604930f19f4c0834a5fe5cf74707495b2e'
2014-04-23 17:31:24: Kopiere erneut 'C:/Users/rre/Documents/GitHub/project-management-system/.git/objects/e2/a7fdbe01d84d3bde846313fa508cfe326f1a73' -> 'Z:/GoodSync/Mittelstufenprojekt/.git/objects/e2/a7fdbe01d84d3bde846313fa508cfe326f1a73'
2014-04-23 17:31:24: Kopiere erneut 'C:/Users/rre/Documents/GitHub/project-management-system/.git/objects/e3/9d1ed7e39ab16b6f7acbc06cf7c04bc514f152' -> 'Z:/GoodSync/Mittelstufenprojekt/.git/objects/e3/9d1ed7e39ab16b6f7acbc06cf7c04bc514f152'
2014-04-23 17:31:24: Kopiere erneut 'C:/Users/rre/Documents/GitHub/project-management-system/.git/objects/e3/dd195a5b7d0146caa4e84ea1e0267a10c8c643' -> 'Z:/GoodSync/Mittelstufenprojekt/.git/objects/e3/dd195a5b7d0146caa4e84ea1e0267a10c8c643'
2014-04-23 17:31:25: Kopiere erneut 'C:/Users/rre/Documents/GitHub/project-management-system/.git/objects/e6/017f0559b26f3d0024c577d1045043d7a8d361' -> 'Z:/GoodSync/Mittelstufenprojekt/.git/objects/e6/017f0559b26f3d0024c577d1045043d7a8d361'
2014-04-23 17:31:25: Kopiere erneut 'C:/Users/rre/Documents/GitHub/project-management-system/.git/objects/e7/824313d1c5a4eb98fca38b66cb23b299e7f710' -> 'Z:/GoodSync/Mittelstufenprojekt/.git/objects/e7/824313d1c5a4eb98fca38b66cb23b299e7f710'
2014-04-23 17:31:25: Kopiere erneut 'C:/Users/rre/Documents/GitHub/project-management-system/.git/objects/e7/f44b78f3a8400e3eac3b843d24510bfebf85c1' -> 'Z:/GoodSync/Mittelstufenprojekt/.git/objects/e7/f44b78f3a8400e3eac3b843d24510bfebf85c1'
2014-04-23 17:31:25: Kopiere erneut 'C:/Users/rre/Documents/GitHub/project-management-system/.git/objects/e9/3f8f12d7c6b578242db4a373bf95d299d2eda0' -> 'Z:/GoodSync/Mittelstufenprojekt/.git/objects/e9/3f8f12d7c6b578242db4a373bf95d299d2eda0'
2014-04-23 17:31:25: Kopiere erneut 'C:/Users/rre/Documents/GitHub/project-management-system/.git/objects/ea/b1a2f813a4dd0fe9e4fb08bb8a1b9435ff4268' -> 'Z:/GoodSync/Mittelstufenprojekt/.git/objects/ea/b1a2f813a4dd0fe9e4fb08bb8a1b9435ff4268'
2014-04-23 17:31:25: Kopiere erneut 'C:/Users/rre/Documents/GitHub/project-management-system/.git/objects/eb/0b43bc405531ab42ba23e4f0049a3a0fada42b' -> 'Z:/GoodSync/Mittelstufenprojekt/.git/objects/eb/0b43bc405531ab42ba23e4f0049a3a0fada42b'
2014-04-23 17:31:25: Kopiere erneut 'C:/Users/rre/Documents/GitHub/project-management-system/.git/objects/eb/ae11c6f620d7b7b42cd546ce8871ee9e0d0bcf' -> 'Z:/GoodSync/Mittelstufenprojekt/.git/objects/eb/ae11c6f620d7b7b42cd546ce8871ee9e0d0bcf'
2014-04-23 17:31:25: Kopiere erneut 'C:/Users/rre/Documents/GitHub/project-management-system/.git/objects/ed/07d3a28f3e81689633a643f41ae7ab0bbfb3ce' -> 'Z:/GoodSync/Mittelstufenprojekt/.git/objects/ed/07d3a28f3e81689633a643f41ae7ab0bbfb3ce'
2014-04-23 17:31:25: Kopiere erneut 'C:/Users/rre/Documents/GitHub/project-management-system/.git/objects/ee/8b88b034035502881ec9f7147d426c58350f6f' -> 'Z:/GoodSync/Mittelstufenprojekt/.git/objects/ee/8b88b034035502881ec9f7147d426c58350f6f'
2014-04-23 17:31:25: Kopiere erneut 'C:/Users/rre/Documents/GitHub/project-management-system/.git/objects/ee/ccd2de701d37087e0763591ce9e81505729b6e' -> 'Z:/GoodSync/Mittelstufenprojekt/.git/objects/ee/ccd2de701d37087e0763591ce9e81505729b6e'
2014-04-23 17:31:25: Kopiere erneut 'C:/Users/rre/Documents/GitHub/project-management-system/.git/objects/f0/fbb77c6a3e3d5800d0e506394cad0e9879a3ed' -> 'Z:/GoodSync/Mittelstufenprojekt/.git/objects/f0/fbb77c6a3e3d5800d0e506394cad0e9879a3ed'
2014-04-23 17:31:25: Kopiere erneut 'C:/Users/rre/Documents/GitHub/project-management-system/.git/objects/f1/5cc4acbd4413ab6a4e4cd16a08448316794899' -> 'Z:/GoodSync/Mittelstufenprojekt/.git/objects/f1/5cc4acbd4413ab6a4e4cd16a08448316794899'
2014-04-23 17:31:25: Kopiere erneut 'C:/Users/rre/Documents/GitHub/project-management-system/.git/objects/f1/a56c8213d5658d5054a617d3c78fe6d52a08af' -> 'Z:/GoodSync/Mittelstufenprojekt/.git/objects/f1/a56c8213d5658d5054a617d3c78fe6d52a08af'
2014-04-23 17:31:25: Kopiere erneut 'C:/Users/rre/Documents/GitHub/project-management-system/.git/objects/f2/9e6c8183fcbcb0c9daf5cff4a860265906a5c7' -> 'Z:/GoodSync/Mittelstufenprojekt/.git/objects/f2/9e6c8183fcbcb0c9daf5cff4a860265906a5c7'
2014-04-23 17:31:25: Kopiere erneut 'C:/Users/rre/Documents/GitHub/project-management-system/.git/objects/f3/086382b474f293a0a15b5d2e96c7061eccaff4' -> 'Z:/GoodSync/Mittelstufenprojekt/.git/objects/f3/086382b474f293a0a15b5d2e96c7061eccaff4'
2014-04-23 17:31:25: Kopiere erneut 'C:/Users/rre/Documents/GitHub/project-management-system/.git/objects/f7/eb2a64d3328146a0af5f5f531eb02a25cb38bb' -> 'Z:/GoodSync/Mittelstufenprojekt/.git/objects/f7/eb2a64d3328146a0af5f5f531eb02a25cb38bb'
2014-04-23 17:31:25: Kopiere erneut 'C:/Users/rre/Documents/GitHub/project-management-system/.git/objects/f8/d6c7d1cf4475bc839ea80565aed704091bcbb8' -> 'Z:/GoodSync/Mittelstufenprojekt/.git/objects/f8/d6c7d1cf4475bc839ea80565aed704091bcbb8'
2014-04-23 17:31:25: Kopiere erneut 'C:/Users/rre/Documents/GitHub/project-management-system/.git/objects/fb/7c55f181a017a5f5a8f620d9eaacfe080cf339' -> 'Z:/GoodSync/Mittelstufenprojekt/.git/objects/fb/7c55f181a017a5f5a8f620d9eaacfe080cf339'
2014-04-23 17:31:25: Kopiere erneut 'C:/Users/rre/Documents/GitHub/project-management-system/.git/objects/fc/dd25ac89c349f0470b121d589965f0cee2075d' -> 'Z:/GoodSync/Mittelstufenprojekt/.git/objects/fc/dd25ac89c349f0470b121d589965f0cee2075d'
2014-04-23 17:31:25: Kopiere erneut 'C:/Users/rre/Documents/GitHub/project-management-system/.git/objects/fe/478734958b2d76f072433563fbd6b1c548e7c6' -> 'Z:/GoodSync/Mittelstufenprojekt/.git/objects/fe/478734958b2d76f072433563fbd6b1c548e7c6'
2014-04-23 17:31:25: Kopiere erneut 'C:/Users/rre/Documents/GitHub/project-management-system/.git/objects/fe/fd6da8cf5cccde38d182ac4b0368b4737587d7' -> 'Z:/GoodSync/Mittelstufenprojekt/.git/objects/fe/fd6da8cf5cccde38d182ac4b0368b4737587d7'
2014-04-23 17:31:25: Kopiere erneut 'C:/Users/rre/Documents/GitHub/project-management-system/.git/objects/ff/d0fe9a3106064e3973ba7bd4d80a4585dda353' -> 'Z:/GoodSync/Mittelstufenprojekt/.git/objects/ff/d0fe9a3106064e3973ba7bd4d80a4585dda353'
2014-04-23 17:31:25: Kopiere erneut 'C:/Users/rre/Documents/GitHub/project-management-system/.git/objects/pack/pack-a370828c06bff8a04744b94c76df61b70386a141.idx' -> 'Z:/GoodSync/Mittelstufenprojekt/.git/objects/pack/pack-a370828c06bff8a04744b94c76df61b70386a141.idx'
2014-04-23 17:31:26: Kopiere erneut 'C:/Users/rre/Documents/GitHub/project-management-system/.git/objects/pack/pack-a370828c06bff8a04744b94c76df61b70386a141.pack' -> 'Z:/GoodSync/Mittelstufenprojekt/.git/objects/pack/pack-a370828c06bff8a04744b94c76df61b70386a141.pack'
2014-04-23 17:31:26: Kopiere erneut 'C:/Users/rre/Documents/GitHub/project-management-system/.git/ORIG_HEAD' -> 'Z:/GoodSync/Mittelstufenprojekt/.git/ORIG_HEAD'
2014-04-23 17:31:26: Kopiere erneut 'C:/Users/rre/Documents/GitHub/project-management-system/.git/packed-refs' -> 'Z:/GoodSync/Mittelstufenprojekt/.git/packed-refs'
2014-04-23 17:31:26: Kopiere erneut 'C:/Users/rre/Documents/GitHub/project-management-system/.git/refs/heads/master' -> 'Z:/GoodSync/Mittelstufenprojekt/.git/refs/heads/master'
2014-04-23 17:31:26: Kopiere erneut 'C:/Users/rre/Documents/GitHub/project-management-system/.git/refs/remotes/origin/HEAD' -> 'Z:/GoodSync/Mittelstufenprojekt/.git/refs/remotes/origin/HEAD'
2014-04-23 17:31:26: Kopiere erneut 'C:/Users/rre/Documents/GitHub/project-management-system/.git/refs/remotes/origin/master' -> 'Z:/GoodSync/Mittelstufenprojekt/.git/refs/remotes/origin/master'
2014-04-23 17:31:26: Kopiere erneut 'C:/Users/rre/Documents/GitHub/project-management-system/.gitignore' -> 'Z:/GoodSync/Mittelstufenprojekt/.gitignore'
2014-04-23 17:31:26: Kopiere erneut 'C:/Users/rre/Documents/GitHub/project-management-system/Documents/Database/connect.inc.php' -> 'Z:/GoodSync/Mittelstufenprojekt/Documents/Database/connect.inc.php'
2014-04-23 17:31:26: Kopiere erneut 'C:/Users/rre/Documents/GitHub/project-management-system/Documents/Database/ptms_database.sqlite' -> 'Z:/GoodSync/Mittelstufenprojekt/Documents/Database/ptms_database.sqlite'
2014-04-23 17:31:26: Kopiere erneut 'C:/Users/rre/Documents/GitHub/project-management-system/Documents/Formulare/Projektvereinbarung.doc' -> 'Z:/GoodSync/Mittelstufenprojekt/Documents/Formulare/Projektvereinbarung.doc'
2014-04-23 17:31:26: Kopiere erneut 'C:/Users/rre/Documents/GitHub/project-management-system/Documents/Formulare/Zielmatrix.doc' -> 'Z:/GoodSync/Mittelstufenprojekt/Documents/Formulare/Zielmatrix.doc'
2014-04-23 17:31:26: Kopiere erneut 'C:/Users/rre/Documents/GitHub/project-management-system/Documents/Konzeptplanung/Datenbankstrukturen.jpg' -> 'Z:/GoodSync/Mittelstufenprojekt/Documents/Konzeptplanung/Datenbankstrukturen.jpg'
2014-04-23 17:31:26: Kopiere erneut 'C:/Users/rre/Documents/GitHub/project-management-system/Documents/Konzeptplanung/Konzept20140116.odt' -> 'Z:/GoodSync/Mittelstufenprojekt/Documents/Konzeptplanung/Konzept20140116.odt'
2014-04-23 17:31:26: Kopiere erneut 'C:/Users/rre/Documents/GitHub/project-management-system/Documents/Konzeptplanung/Protokoll DB 20140205.docx' -> 'Z:/GoodSync/Mittelstufenprojekt/Documents/Konzeptplanung/Protokoll DB 20140205.docx'
2014-04-23 17:31:26: Kopiere erneut 'C:/Users/rre/Documents/GitHub/project-management-system/Documents/Konzeptplanung/PTMS_Soll_Planung.gan' -> 'Z:/GoodSync/Mittelstufenprojekt/Documents/Konzeptplanung/PTMS_Soll_Planung.gan'
2014-04-23 17:31:26: Kopiere erneut 'C:/Users/rre/Documents/GitHub/project-management-system/Documents/Konzeptplanung/Uml-Class.jpg' -> 'Z:/GoodSync/Mittelstufenprojekt/Documents/Konzeptplanung/Uml-Class.jpg'
2014-04-23 17:31:26: Kopiere erneut 'C:/Users/rre/Documents/GitHub/project-management-system/Documents/Konzeptplanung/UML-Diagramm.jpg' -> 'Z:/GoodSync/Mittelstufenprojekt/Documents/Konzeptplanung/UML-Diagramm.jpg'
2014-04-23 17:31:26: /Documents/Protokolle/Wöchentliche Protokolle/KW6/Ergebnisprotokoll_6.kw.doc: Analyze error: two items with exactly the same name
2014-04-23 17:31:26: /Documents/Protokolle/Wöchentliche Protokolle/KW6/Protokoll 13.01.2014 - 17.01.2014.docx: Analyze error: two items with exactly the same name
2014-04-23 17:31:26: /Documents/Protokolle/Wöchentliche Protokolle/KW6: Analyze error: two items with exactly the same name
2014-04-23 17:31:26: /Documents/Protokolle/Wöchentliche Protokolle/KW9/Aktivitaetsprotokoll_9.kw.doc: Analyze error: two items with exactly the same name
2014-04-23 17:31:26: /Documents/Protokolle/Wöchentliche Protokolle/KW9/Ergebnisprotokoll_9.kw.doc: Analyze error: two items with exactly the same name
2014-04-23 17:31:26: /Documents/Protokolle/Wöchentliche Protokolle/KW9: Analyze error: two items with exactly the same name
2014-04-23 17:31:26: /Documents/Protokolle/Wöchentliche Protokolle: Analyze error: Two items on Left side are named the same after normalization and lower-casing: '/Documents/Protokolle/Wöchentliche Protokolle' vs '/Documents/Protokolle/Wöchentliche Protokolle'
2014-04-23 17:31:26: Kopiere erneut 'C:/Users/rre/Documents/GitHub/project-management-system/Eclipse-Project/project-management-system/.classpath' -> 'Z:/GoodSync/Mittelstufenprojekt/Eclipse-Project/project-management-system/.classpath'
2014-04-23 17:31:26: Kopiere erneut 'C:/Users/rre/Documents/GitHub/project-management-system/Eclipse-Project/project-management-system/.project' -> 'Z:/GoodSync/Mittelstufenprojekt/Eclipse-Project/project-management-system/.project'
2014-04-23 17:31:26: Kopiere erneut 'C:/Users/rre/Documents/GitHub/project-management-system/Eclipse-Project/project-management-system/.settings/org.eclipse.jdt.core.prefs' -> 'Z:/GoodSync/Mittelstufenprojekt/Eclipse-Project/project-management-system/.settings/org.eclipse.jdt.core.prefs'
2014-04-23 17:31:26: Kopiere erneut 'C:/Users/rre/Documents/GitHub/project-management-system/Eclipse-Project/project-management-system/assets/ptms_database.sqlite' -> 'Z:/GoodSync/Mittelstufenprojekt/Eclipse-Project/project-management-system/assets/ptms_database.sqlite'
2014-04-23 17:31:26: Kopiere erneut 'C:/Users/rre/Documents/GitHub/project-management-system/Eclipse-Project/project-management-system/assets/red.jpg' -> 'Z:/GoodSync/Mittelstufenprojekt/Eclipse-Project/project-management-system/assets/red.jpg'
2014-04-23 17:31:27: Kopiere erneut 'C:/Users/rre/Documents/GitHub/project-management-system/Eclipse-Project/project-management-system/lib/sqlite-jdbc-3.7.2.jar' -> 'Z:/GoodSync/Mittelstufenprojekt/Eclipse-Project/project-management-system/lib/sqlite-jdbc-3.7.2.jar'
2014-04-23 17:31:27: Kopiere erneut 'C:/Users/rre/Documents/GitHub/project-management-system/Eclipse-Project/project-management-system/src/de/szut/dataLayer/sqlite/ConnectionSqlite.java' -> 'Z:/GoodSync/Mittelstufenprojekt/Eclipse-Project/project-management-system/src/de/szut/dataLayer/sqlite/ConnectionSqlite.java'
2014-04-23 17:31:27: Kopiere erneut 'C:/Users/rre/Documents/GitHub/project-management-system/Eclipse-Project/project-management-system/src/de/szut/ptms/authentication/Authenticator.java' -> 'Z:/GoodSync/Mittelstufenprojekt/Eclipse-Project/project-management-system/src/de/szut/ptms/authentication/Authenticator.java'
2014-04-23 17:31:27: Kopiere erneut 'C:/Users/rre/Documents/GitHub/project-management-system/Eclipse-Project/project-management-system/src/de/szut/ptms/gui/BoxMainGui.java' -> 'Z:/GoodSync/Mittelstufenprojekt/Eclipse-Project/project-management-system/src/de/szut/ptms/gui/BoxMainGui.java'
2014-04-23 17:31:27: Kopiere erneut 'C:/Users/rre/Documents/GitHub/project-management-system/Eclipse-Project/project-management-system/src/de/szut/ptms/main/Main.java' -> 'Z:/GoodSync/Mittelstufenprojekt/Eclipse-Project/project-management-system/src/de/szut/ptms/main/Main.java'
2014-04-23 17:31:27: Kopiere erneut 'C:/Users/rre/Documents/GitHub/project-management-system/Eclipse-Project/project-management-system/src/de/szut/ptms/user/User.java' -> 'Z:/GoodSync/Mittelstufenprojekt/Eclipse-Project/project-management-system/src/de/szut/ptms/user/User.java'
2014-04-23 17:31:27: Kopiere erneut 'C:/Users/rre/Documents/GitHub/project-management-system/Eclipse-Project/README.txt' -> 'Z:/GoodSync/Mittelstufenprojekt/Eclipse-Project/README.txt'
2014-04-23 17:31:27: Kopiere erneut 'C:/Users/rre/Documents/GitHub/project-management-system/Mittelstufenprojekt_Documentation.docx' -> 'Z:/GoodSync/Mittelstufenprojekt/Mittelstufenprojekt_Documentation.docx'
2014-04-23 17:31:27: Kopiere erneut 'C:/Users/rre/Documents/GitHub/project-management-system/README.md' -> 'Z:/GoodSync/Mittelstufenprojekt/README.md'
2014-04-23 17:31:27: Sichere den Dateistatus C:/Users/rre/Documents/GitHub/project-management-system/_gsdata_/_file_state_v4._gs
2014-04-23 17:31:27: Sichere den Dateistatus Z:/GoodSync/Mittelstufenprojekt/_gsdata_/_file_state_v4._gs
2014-04-23 17:31:27: Sync Dateien OK: 370, Fehler: 0
2014-04-23 17:31:27: ===== Sync abgeschlossen. Dauer: 00:00:09, Geschwindigkeit: 1,17 MB/s =====
2014-04-23 17:31:27: 
